<?xml version="1.0" encoding="UTF-8" ?>
<testsuite failures="0" time="10.927" errors="0" skipped="0" tests="18" name="cn.org.rapid_framework.generator.provider.db.SqlQueryFactoryTest">
  <properties>
[...]
</properties>
  <testcase time="2.875" classname="cn.org.rapid_framework.generator.provider.db.SqlQueryFactoryTest" name="test_isMatchListParam"/>
  <testcase time="2.096" classname="cn.org.rapid_framework.generator.provider.db.SqlQueryFactoryTest" name="test_select_with_between"/>
  <testcase time="0.705" classname="cn.org.rapid_framework.generator.provider.db.SqlQueryFactoryTest" name="test_select_with_no_parameers"/>
  <testcase time="0.489" classname="cn.org.rapid_framework.generator.provider.db.SqlQueryFactoryTest" name="test_select_with_2_parameers"/>
  <testcase time="0.398" classname="cn.org.rapid_framework.generator.provider.db.SqlQueryFactoryTest" name="test_select_with_in_parameers"/>
  <testcase time="0.534" classname="cn.org.rapid_framework.generator.provider.db.SqlQueryFactoryTest" name="test_select_with_many_parameers"/>
  <testcase time="0.39" classname="cn.org.rapid_framework.generator.provider.db.SqlQueryFactoryTest" name="test_select_with_cannot_guess_column_type"/>
  <testcase time="0.33" classname="cn.org.rapid_framework.generator.provider.db.SqlQueryFactoryTest" name="test_select_same_params"/>
  <testcase time="0.398" classname="cn.org.rapid_framework.generator.provider.db.SqlQueryFactoryTest" name="test_select_with_two_columns"/>
  <testcase time="0.405" classname="cn.org.rapid_framework.generator.provider.db.SqlQueryFactoryTest" name="test_select_count_and_multi_policy_one"/>
  <testcase time="0.293" classname="cn.org.rapid_framework.generator.provider.db.SqlQueryFactoryTest" name="test_select_string_and_multi_policy_one"/>
  <testcase time="0.311" classname="cn.org.rapid_framework.generator.provider.db.SqlQueryFactoryTest" name="test_delete_sql"/>
  <testcase time="0.287" classname="cn.org.rapid_framework.generator.provider.db.SqlQueryFactoryTest" name="test_delete_myisam_user_sql"/>
  <testcase time="0.292" classname="cn.org.rapid_framework.generator.provider.db.SqlQueryFactoryTest" name="test_update_sql"/>
  <testcase time="0.053" classname="cn.org.rapid_framework.generator.provider.db.SqlQueryFactoryTest" name="test_insert_sql"/>
  <testcase time="0.455" classname="cn.org.rapid_framework.generator.provider.db.SqlQueryFactoryTest" name="test_insert_sql_with_right_name"/>
  <testcase time="0.02" classname="cn.org.rapid_framework.generator.provider.db.SqlQueryFactoryTest" name="test_insert_into"/>
  <testcase time="0.043" classname="cn.org.rapid_framework.generator.provider.db.SqlQueryFactoryTest" name="test_sql_error"/>
</testsuite>