<?xml version="1.0" encoding="UTF-8" ?>
<testsuite failures="0" time="0.006" errors="0" skipped="0" tests="4" name="cn.org.rapid_framework.generator.GeneratorPropertiesTest">
  <properties>
[...]
</properties>
  <testcase time="0" classname="cn.org.rapid_framework.generator.GeneratorPropertiesTest" name="testgetNullIfBlankProperty"/>
  <testcase time="0" classname="cn.org.rapid_framework.generator.GeneratorPropertiesTest" name="testgetRequiredProperty"/>
  <testcase time="0.001" classname="cn.org.rapid_framework.generator.GeneratorPropertiesTest" name="test_GeneratorConstants"/>
  <testcase time="0.001" classname="cn.org.rapid_framework.generator.GeneratorPropertiesTest" name="testResolveProperties"/>
</testsuite>